{"C:\\Users\\Admin\\Desktop\\velan-dashboard-updated\\src\\components\\ProtectedRoute.jsx": {"path":"C:\\Users\\Admin\\Desktop\\velan-dashboard-updated\\src\\components\\ProtectedRoute.jsx","statementMap":{"0":{"start":{"line":6,"column":25},"end":{"line":6,"column":null}},"1":{"start":{"line":9,"column":2},"end":{"line":9,"column":null}},"2":{"start":{"line":9,"column":17},"end":{"line":9,"column":null}},"3":{"start":{"line":11,"column":2},"end":{"line":13,"column":null}},"4":{"start":{"line":12,"column":4},"end":{"line":12,"column":null}},"5":{"start":{"line":15,"column":2},"end":{"line":17,"column":null}},"6":{"start":{"line":16,"column":4},"end":{"line":16,"column":null}},"7":{"start":{"line":19,"column":2},"end":{"line":19,"column":null}}},"fnMap":{"0":{"name":"ProtectedRoute","decl":{"start":{"line":5,"column":9},"end":{"line":5,"column":24}},"loc":{"start":{"line":5,"column":57},"end":{"line":20,"column":null}},"line":5}},"branchMap":{"0":{"loc":{"start":{"line":5,"column":36},"end":{"line":5,"column":57}},"type":"default-arg","locations":[{"start":{"line":5,"column":48},"end":{"line":5,"column":57}}],"line":5},"1":{"loc":{"start":{"line":9,"column":2},"end":{"line":9,"column":null}},"type":"if","locations":[{"start":{"line":9,"column":2},"end":{"line":9,"column":null}},{"start":{},"end":{}}],"line":9},"2":{"loc":{"start":{"line":11,"column":2},"end":{"line":13,"column":null}},"type":"if","locations":[{"start":{"line":11,"column":2},"end":{"line":13,"column":null}},{"start":{},"end":{}}],"line":11},"3":{"loc":{"start":{"line":15,"column":2},"end":{"line":17,"column":null}},"type":"if","locations":[{"start":{"line":15,"column":2},"end":{"line":17,"column":null}},{"start":{},"end":{}}],"line":15},"4":{"loc":{"start":{"line":15,"column":6},"end":{"line":15,"column":29}},"type":"binary-expr","locations":[{"start":{"line":15,"column":6},"end":{"line":15,"column":19}},{"start":{"line":15,"column":19},"end":{"line":15,"column":29}}],"line":15}},"s":{"0":5,"1":5,"2":1,"3":4,"4":1,"5":3,"6":1,"7":2},"f":{"0":5},"b":{"0":[5],"1":[1,4],"2":[1,3],"3":[1,2],"4":[3,2]},"meta":{"lastBranch":5,"lastFunction":1,"lastStatement":8,"seen":{"f:5:9:5:24":0,"b:5:48:5:57":0,"s:6:25:6:Infinity":0,"b:9:2:9:Infinity:undefined:undefined:undefined:undefined":1,"s:9:2:9:Infinity":1,"s:9:17:9:Infinity":2,"b:11:2:13:Infinity:undefined:undefined:undefined:undefined":2,"s:11:2:13:Infinity":3,"s:12:4:12:Infinity":4,"b:15:2:17:Infinity:undefined:undefined:undefined:undefined":3,"s:15:2:17:Infinity":5,"b:15:6:15:19:15:19:15:29":4,"s:16:4:16:Infinity":6,"s:19:2:19:Infinity":7}}}
,"C:\\Users\\Admin\\Desktop\\velan-dashboard-updated\\src\\components\\common\\AppErrorBoundary.jsx": {"path":"C:\\Users\\Admin\\Desktop\\velan-dashboard-updated\\src\\components\\common\\AppErrorBoundary.jsx","statementMap":{"0":{"start":{"line":7,"column":8},"end":{"line":9,"column":null}},"1":{"start":{"line":8,"column":4},"end":{"line":8,"column":null}},"2":{"start":{"line":11,"column":2},"end":{"line":14,"column":null}}},"fnMap":{"0":{"name":"AppErrorBoundary","decl":{"start":{"line":6,"column":24},"end":{"line":6,"column":41}},"loc":{"start":{"line":6,"column":71},"end":{"line":16,"column":null}},"line":6},"1":{"name":"(anonymous_1)","decl":{"start":{"line":7,"column":8},"end":{"line":7,"column":23}},"loc":{"start":{"line":7,"column":39},"end":{"line":9,"column":null}},"line":7}},"branchMap":{"0":{"loc":{"start":{"line":12,"column":38},"end":{"line":12,"column":71}},"type":"binary-expr","locations":[{"start":{"line":12,"column":38},"end":{"line":12,"column":56}},{"start":{"line":12,"column":56},"end":{"line":12,"column":71}}],"line":12}},"s":{"0":3,"1":1,"2":3},"f":{"0":3,"1":1},"b":{"0":[3,2]},"meta":{"lastBranch":1,"lastFunction":2,"lastStatement":3,"seen":{"f:6:24:6:41":0,"s:7:8:9:Infinity":0,"f:7:8:7:23":1,"s:8:4:8:Infinity":1,"s:11:2:14:Infinity":2,"b:12:38:12:56:12:56:12:71":0}}}
,"C:\\Users\\Admin\\Desktop\\velan-dashboard-updated\\src\\components\\common\\ErrorFallback.jsx": {"path":"C:\\Users\\Admin\\Desktop\\velan-dashboard-updated\\src\\components\\common\\ErrorFallback.jsx","statementMap":{"0":{"start":{"line":4,"column":24},"end":{"line":4,"column":null}},"1":{"start":{"line":6,"column":2},"end":{"line":82,"column":null}},"2":{"start":{"line":58,"column":31},"end":{"line":58,"column":null}},"3":{"start":{"line":59,"column":30},"end":{"line":59,"column":null}},"4":{"start":{"line":64,"column":25},"end":{"line":64,"column":null}},"5":{"start":{"line":76,"column":31},"end":{"line":76,"column":null}},"6":{"start":{"line":77,"column":30},"end":{"line":77,"column":null}}},"fnMap":{"0":{"name":"ErrorFallback","decl":{"start":{"line":3,"column":24},"end":{"line":3,"column":38}},"loc":{"start":{"line":3,"column":69},"end":{"line":84,"column":null}},"line":3},"1":{"name":"(anonymous_1)","decl":{"start":{"line":58,"column":10},"end":{"line":58,"column":24}},"loc":{"start":{"line":58,"column":31},"end":{"line":58,"column":null}},"line":58},"2":{"name":"(anonymous_2)","decl":{"start":{"line":59,"column":10},"end":{"line":59,"column":23}},"loc":{"start":{"line":59,"column":30},"end":{"line":59,"column":null}},"line":59},"3":{"name":"(anonymous_3)","decl":{"start":{"line":64,"column":10},"end":{"line":64,"column":25}},"loc":{"start":{"line":64,"column":25},"end":{"line":64,"column":null}},"line":64},"4":{"name":"(anonymous_4)","decl":{"start":{"line":76,"column":10},"end":{"line":76,"column":24}},"loc":{"start":{"line":76,"column":31},"end":{"line":76,"column":null}},"line":76},"5":{"name":"(anonymous_5)","decl":{"start":{"line":77,"column":10},"end":{"line":77,"column":23}},"loc":{"start":{"line":77,"column":30},"end":{"line":77,"column":null}},"line":77}},"branchMap":{"0":{"loc":{"start":{"line":25,"column":7},"end":{"line":41,"column":null}},"type":"binary-expr","locations":[{"start":{"line":25,"column":7},"end":{"line":25,"column":24}},{"start":{"line":25,"column":24},"end":{"line":25,"column":null}},{"start":{"line":26,"column":8},"end":{"line":41,"column":null}}],"line":25},"1":{"loc":{"start":{"line":40,"column":45},"end":{"line":40,"column":82}},"type":"binary-expr","locations":[{"start":{"line":40,"column":45},"end":{"line":40,"column":60}},{"start":{"line":40,"column":60},"end":{"line":40,"column":77}},{"start":{"line":40,"column":77},"end":{"line":40,"column":82}}],"line":40}},"s":{"0":2,"1":2,"2":0,"3":0,"4":0,"5":0,"6":0},"f":{"0":2,"1":0,"2":0,"3":0,"4":0,"5":0},"b":{"0":[2,0,0],"1":[0,0,0]},"meta":{"lastBranch":2,"lastFunction":6,"lastStatement":7,"seen":{"f:3:24:3:38":0,"s:4:24:4:Infinity":0,"s:6:2:82:Infinity":1,"b:25:7:25:24:25:24:25:Infinity:26:8:41:Infinity":0,"b:40:45:40:60:40:60:40:77:40:77:40:82":1,"f:58:10:58:24":1,"s:58:31:58:Infinity":2,"f:59:10:59:23":2,"s:59:30:59:Infinity":3,"f:64:10:64:25":3,"s:64:25:64:Infinity":4,"f:76:10:76:24":4,"s:76:31:76:Infinity":5,"f:77:10:77:23":5,"s:77:30:77:Infinity":6}}}
,"C:\\Users\\Admin\\Desktop\\velan-dashboard-updated\\src\\utils\\calculationUtils.js": {"path":"C:\\Users\\Admin\\Desktop\\velan-dashboard-updated\\src\\utils\\calculationUtils.js","statementMap":{"0":{"start":{"line":3,"column":22},"end":{"line":3,"column":36}},"1":{"start":{"line":4,"column":21},"end":{"line":4,"column":41}},"2":{"start":{"line":5,"column":20},"end":{"line":5,"column":22}},"3":{"start":{"line":8,"column":25},"end":{"line":21,"column":2}},"4":{"start":{"line":25,"column":2},"end":{"line":25,"column":null}},"5":{"start":{"line":25,"column":24},"end":{"line":25,"column":null}},"6":{"start":{"line":26,"column":2},"end":{"line":105,"column":null}},"7":{"start":{"line":28,"column":6},"end":{"line":28,"column":null}},"8":{"start":{"line":28,"column":16},"end":{"line":28,"column":null}},"9":{"start":{"line":29,"column":20},"end":{"line":29,"column":55}},"10":{"start":{"line":32,"column":6},"end":{"line":78,"column":null}},"11":{"start":{"line":33,"column":22},"end":{"line":33,"column":38}},"12":{"start":{"line":34,"column":19},"end":{"line":34,"column":41}},"13":{"start":{"line":35,"column":19},"end":{"line":35,"column":41}},"14":{"start":{"line":36,"column":17},"end":{"line":36,"column":39}},"15":{"start":{"line":37,"column":8},"end":{"line":37,"column":null}},"16":{"start":{"line":37,"column":22},"end":{"line":37,"column":null}},"17":{"start":{"line":38,"column":8},"end":{"line":38,"column":null}},"18":{"start":{"line":39,"column":8},"end":{"line":53,"column":null}},"19":{"start":{"line":40,"column":10},"end":{"line":40,"column":null}},"20":{"start":{"line":41,"column":10},"end":{"line":41,"column":19}},"21":{"start":{"line":43,"column":10},"end":{"line":52,"column":11}},"22":{"start":{"line":44,"column":12},"end":{"line":44,"column":null}},"23":{"start":{"line":45,"column":12},"end":{"line":45,"column":null}},"24":{"start":{"line":46,"column":17},"end":{"line":52,"column":11}},"25":{"start":{"line":47,"column":12},"end":{"line":47,"column":null}},"26":{"start":{"line":48,"column":12},"end":{"line":48,"column":null}},"27":{"start":{"line":50,"column":12},"end":{"line":50,"column":null}},"28":{"start":{"line":51,"column":12},"end":{"line":51,"column":null}},"29":{"start":{"line":54,"column":13},"end":{"line":78,"column":null}},"30":{"start":{"line":55,"column":22},"end":{"line":55,"column":38}},"31":{"start":{"line":56,"column":8},"end":{"line":75,"column":null}},"32":{"start":{"line":57,"column":10},"end":{"line":57,"column":null}},"33":{"start":{"line":58,"column":10},"end":{"line":58,"column":null}},"34":{"start":{"line":59,"column":10},"end":{"line":59,"column":null}},"35":{"start":{"line":61,"column":21},"end":{"line":61,"column":43}},"36":{"start":{"line":62,"column":21},"end":{"line":62,"column":43}},"37":{"start":{"line":63,"column":10},"end":{"line":63,"column":null}},"38":{"start":{"line":64,"column":10},"end":{"line":64,"column":null}},"39":{"start":{"line":64,"column":26},"end":{"line":64,"column":null}},"40":{"start":{"line":65,"column":10},"end":{"line":74,"column":null}},"41":{"start":{"line":66,"column":12},"end":{"line":66,"column":null}},"42":{"start":{"line":67,"column":12},"end":{"line":67,"column":null}},"43":{"start":{"line":68,"column":17},"end":{"line":74,"column":null}},"44":{"start":{"line":69,"column":12},"end":{"line":69,"column":null}},"45":{"start":{"line":70,"column":12},"end":{"line":70,"column":null}},"46":{"start":{"line":72,"column":12},"end":{"line":72,"column":null}},"47":{"start":{"line":73,"column":12},"end":{"line":73,"column":null}},"48":{"start":{"line":77,"column":8},"end":{"line":77,"column":null}},"49":{"start":{"line":80,"column":6},"end":{"line":80,"column":null}},"50":{"start":{"line":80,"column":53},"end":{"line":80,"column":null}},"51":{"start":{"line":81,"column":6},"end":{"line":81,"column":null}},"52":{"start":{"line":83,"column":15},"end":{"line":83,"column":36}},"53":{"start":{"line":84,"column":15},"end":{"line":84,"column":36}},"54":{"start":{"line":85,"column":4},"end":{"line":87,"column":null}},"55":{"start":{"line":86,"column":6},"end":{"line":86,"column":null}},"56":{"start":{"line":88,"column":16},"end":{"line":88,"column":17}},"57":{"start":{"line":89,"column":16},"end":{"line":89,"column":63}},"58":{"start":{"line":90,"column":16},"end":{"line":90,"column":63}},"59":{"start":{"line":91,"column":4},"end":{"line":101,"column":null}},"60":{"start":{"line":92,"column":18},"end":{"line":92,"column":30}},"61":{"start":{"line":94,"column":8},"end":{"line":98,"column":46}},"62":{"start":{"line":99,"column":6},"end":{"line":99,"column":null}},"63":{"start":{"line":99,"column":50},"end":{"line":99,"column":null}},"64":{"start":{"line":100,"column":6},"end":{"line":100,"column":null}},"65":{"start":{"line":102,"column":4},"end":{"line":102,"column":null}},"66":{"start":{"line":104,"column":4},"end":{"line":104,"column":null}},"67":{"start":{"line":109,"column":2},"end":{"line":109,"column":null}},"68":{"start":{"line":113,"column":2},"end":{"line":113,"column":null}},"69":{"start":{"line":113,"column":36},"end":{"line":113,"column":null}},"70":{"start":{"line":114,"column":2},"end":{"line":114,"column":null}},"71":{"start":{"line":114,"column":35},"end":{"line":114,"column":null}},"72":{"start":{"line":115,"column":2},"end":{"line":115,"column":null}},"73":{"start":{"line":119,"column":2},"end":{"line":119,"column":null}},"74":{"start":{"line":119,"column":12},"end":{"line":119,"column":null}},"75":{"start":{"line":120,"column":18},"end":{"line":120,"column":36}},"76":{"start":{"line":121,"column":44},"end":{"line":121,"column":62}},"77":{"start":{"line":125,"column":2},"end":{"line":165,"column":null}},"78":{"start":{"line":126,"column":18},"end":{"line":126,"column":37}},"79":{"start":{"line":127,"column":15},"end":{"line":127,"column":37}},"80":{"start":{"line":128,"column":15},"end":{"line":128,"column":37}},"81":{"start":{"line":129,"column":4},"end":{"line":129,"column":null}},"82":{"start":{"line":130,"column":4},"end":{"line":130,"column":null}},"83":{"start":{"line":130,"column":20},"end":{"line":130,"column":null}},"84":{"start":{"line":131,"column":4},"end":{"line":140,"column":null}},"85":{"start":{"line":132,"column":6},"end":{"line":132,"column":null}},"86":{"start":{"line":133,"column":6},"end":{"line":133,"column":null}},"87":{"start":{"line":134,"column":11},"end":{"line":140,"column":null}},"88":{"start":{"line":135,"column":6},"end":{"line":135,"column":null}},"89":{"start":{"line":136,"column":6},"end":{"line":136,"column":null}},"90":{"start":{"line":138,"column":6},"end":{"line":138,"column":null}},"91":{"start":{"line":139,"column":6},"end":{"line":139,"column":null}},"92":{"start":{"line":141,"column":9},"end":{"line":165,"column":null}},"93":{"start":{"line":142,"column":18},"end":{"line":142,"column":37}},"94":{"start":{"line":143,"column":4},"end":{"line":162,"column":null}},"95":{"start":{"line":144,"column":6},"end":{"line":144,"column":null}},"96":{"start":{"line":145,"column":6},"end":{"line":145,"column":null}},"97":{"start":{"line":146,"column":6},"end":{"line":146,"column":null}},"98":{"start":{"line":148,"column":17},"end":{"line":148,"column":39}},"99":{"start":{"line":149,"column":17},"end":{"line":149,"column":39}},"100":{"start":{"line":150,"column":6},"end":{"line":150,"column":null}},"101":{"start":{"line":151,"column":6},"end":{"line":151,"column":null}},"102":{"start":{"line":151,"column":22},"end":{"line":151,"column":null}},"103":{"start":{"line":152,"column":6},"end":{"line":161,"column":null}},"104":{"start":{"line":153,"column":8},"end":{"line":153,"column":null}},"105":{"start":{"line":154,"column":8},"end":{"line":154,"column":null}},"106":{"start":{"line":155,"column":13},"end":{"line":161,"column":null}},"107":{"start":{"line":156,"column":8},"end":{"line":156,"column":null}},"108":{"start":{"line":157,"column":8},"end":{"line":157,"column":null}},"109":{"start":{"line":159,"column":8},"end":{"line":159,"column":null}},"110":{"start":{"line":160,"column":8},"end":{"line":160,"column":null}},"111":{"start":{"line":164,"column":4},"end":{"line":164,"column":null}},"112":{"start":{"line":167,"column":15},"end":{"line":167,"column":34}},"113":{"start":{"line":168,"column":13},"end":{"line":168,"column":39}},"114":{"start":{"line":169,"column":13},"end":{"line":169,"column":39}},"115":{"start":{"line":170,"column":13},"end":{"line":170,"column":39}},"116":{"start":{"line":172,"column":2},"end":{"line":172,"column":null}},"117":{"start":{"line":176,"column":2},"end":{"line":176,"column":null}},"118":{"start":{"line":176,"column":24},"end":{"line":176,"column":null}},"119":{"start":{"line":177,"column":2},"end":{"line":184,"column":null}},"120":{"start":{"line":178,"column":15},"end":{"line":178,"column":35}},"121":{"start":{"line":179,"column":15},"end":{"line":179,"column":35}},"122":{"start":{"line":180,"column":4},"end":{"line":180,"column":null}},"123":{"start":{"line":180,"column":46},"end":{"line":180,"column":null}},"124":{"start":{"line":181,"column":4},"end":{"line":181,"column":null}},"125":{"start":{"line":183,"column":4},"end":{"line":183,"column":null}},"126":{"start":{"line":188,"column":2},"end":{"line":188,"column":null}},"127":{"start":{"line":188,"column":24},"end":{"line":188,"column":null}},"128":{"start":{"line":189,"column":2},"end":{"line":196,"column":null}},"129":{"start":{"line":190,"column":15},"end":{"line":190,"column":35}},"130":{"start":{"line":191,"column":15},"end":{"line":191,"column":35}},"131":{"start":{"line":192,"column":4},"end":{"line":192,"column":null}},"132":{"start":{"line":192,"column":46},"end":{"line":192,"column":null}},"133":{"start":{"line":193,"column":4},"end":{"line":193,"column":null}},"134":{"start":{"line":195,"column":4},"end":{"line":195,"column":null}},"135":{"start":{"line":200,"column":2},"end":{"line":200,"column":null}},"136":{"start":{"line":204,"column":2},"end":{"line":204,"column":null}},"137":{"start":{"line":208,"column":2},"end":{"line":208,"column":null}},"138":{"start":{"line":208,"column":15},"end":{"line":208,"column":null}},"139":{"start":{"line":210,"column":4},"end":{"line":212,"column":38}},"140":{"start":{"line":213,"column":15},"end":{"line":213,"column":51}},"141":{"start":{"line":214,"column":2},"end":{"line":214,"column":null}},"142":{"start":{"line":218,"column":2},"end":{"line":218,"column":null}},"143":{"start":{"line":218,"column":37},"end":{"line":218,"column":null}},"144":{"start":{"line":219,"column":2},"end":{"line":219,"column":null}},"145":{"start":{"line":223,"column":2},"end":{"line":226,"column":null}},"146":{"start":{"line":224,"column":4},"end":{"line":224,"column":null}},"147":{"start":{"line":224,"column":38},"end":{"line":224,"column":null}},"148":{"start":{"line":225,"column":4},"end":{"line":225,"column":null}},"149":{"start":{"line":227,"column":2},"end":{"line":227,"column":null}},"150":{"start":{"line":231,"column":2},"end":{"line":231,"column":null}},"151":{"start":{"line":231,"column":28},"end":{"line":231,"column":98}},"152":{"start":{"line":235,"column":13},"end":{"line":239,"column":10}},"153":{"start":{"line":236,"column":16},"end":{"line":236,"column":27}},"154":{"start":{"line":240,"column":2},"end":{"line":240,"column":null}},"155":{"start":{"line":244,"column":2},"end":{"line":244,"column":null}},"156":{"start":{"line":244,"column":34},"end":{"line":244,"column":null}},"157":{"start":{"line":245,"column":20},"end":{"line":247,"column":3}},"158":{"start":{"line":246,"column":31},"end":{"line":246,"column":55}},"159":{"start":{"line":246,"column":71},"end":{"line":246,"column":94}},"160":{"start":{"line":248,"column":2},"end":{"line":258,"column":null}},"161":{"start":{"line":249,"column":17},"end":{"line":249,"column":41}},"162":{"start":{"line":250,"column":4},"end":{"line":256,"column":null}},"163":{"start":{"line":251,"column":21},"end":{"line":251,"column":38}},"164":{"start":{"line":252,"column":20},"end":{"line":252,"column":63}},"165":{"start":{"line":252,"column":42},"end":{"line":252,"column":62}},"166":{"start":{"line":253,"column":6},"end":{"line":255,"column":null}},"167":{"start":{"line":254,"column":8},"end":{"line":254,"column":null}},"168":{"start":{"line":257,"column":4},"end":{"line":257,"column":null}}},"fnMap":{"0":{"name":"workingDaysBetween","decl":{"start":{"line":24,"column":9},"end":{"line":24,"column":27}},"loc":{"start":{"line":24,"column":42},"end":{"line":106,"column":null}},"line":24},"1":{"name":"parseLocalDate","decl":{"start":{"line":27,"column":13},"end":{"line":27,"column":27}},"loc":{"start":{"line":27,"column":33},"end":{"line":82,"column":null}},"line":27},"2":{"name":"daysBetween","decl":{"start":{"line":108,"column":9},"end":{"line":108,"column":20}},"loc":{"start":{"line":108,"column":35},"end":{"line":110,"column":null}},"line":108},"3":{"name":"getProductCategory","decl":{"start":{"line":112,"column":9},"end":{"line":112,"column":27}},"loc":{"start":{"line":112,"column":34},"end":{"line":116,"column":null}},"line":112},"4":{"name":"parseDateTime","decl":{"start":{"line":118,"column":9},"end":{"line":118,"column":22}},"loc":{"start":{"line":118,"column":28},"end":{"line":173,"column":null}},"line":118},"5":{"name":"hoursBetween","decl":{"start":{"line":175,"column":9},"end":{"line":175,"column":21}},"loc":{"start":{"line":175,"column":36},"end":{"line":185,"column":null}},"line":175},"6":{"name":"minutesBetween","decl":{"start":{"line":187,"column":9},"end":{"line":187,"column":23}},"loc":{"start":{"line":187,"column":38},"end":{"line":197,"column":null}},"line":187},"7":{"name":"calculateProcessCycleTime","decl":{"start":{"line":199,"column":9},"end":{"line":199,"column":34}},"loc":{"start":{"line":199,"column":54},"end":{"line":201,"column":null}},"line":199},"8":{"name":"isSLAViolation","decl":{"start":{"line":203,"column":9},"end":{"line":203,"column":23}},"loc":{"start":{"line":203,"column":50},"end":{"line":205,"column":null}},"line":203},"9":{"name":"calculateVendorAging","decl":{"start":{"line":207,"column":9},"end":{"line":207,"column":29}},"loc":{"start":{"line":207,"column":45},"end":{"line":215,"column":null}},"line":207},"10":{"name":"calculateProcessEfficiency","decl":{"start":{"line":217,"column":9},"end":{"line":217,"column":35}},"loc":{"start":{"line":217,"column":59},"end":{"line":220,"column":null}},"line":217},"11":{"name":"getVendorCode","decl":{"start":{"line":222,"column":9},"end":{"line":222,"column":22}},"loc":{"start":{"line":222,"column":39},"end":{"line":228,"column":null}},"line":222},"12":{"name":"isSCComplete","decl":{"start":{"line":230,"column":9},"end":{"line":230,"column":21}},"loc":{"start":{"line":230,"column":29},"end":{"line":232,"column":null}},"line":230},"13":{"name":"(anonymous_13)","decl":{"start":{"line":231,"column":21},"end":{"line":231,"column":22}},"loc":{"start":{"line":231,"column":28},"end":{"line":231,"column":98}},"line":231},"14":{"name":"getSCLastTimestamp","decl":{"start":{"line":234,"column":9},"end":{"line":234,"column":27}},"loc":{"start":{"line":234,"column":35},"end":{"line":241,"column":null}},"line":234},"15":{"name":"(anonymous_15)","decl":{"start":{"line":236,"column":9},"end":{"line":236,"column":10}},"loc":{"start":{"line":236,"column":16},"end":{"line":236,"column":27}},"line":236},"16":{"name":"normalizeProductsInGroup","decl":{"start":{"line":243,"column":9},"end":{"line":243,"column":33}},"loc":{"start":{"line":243,"column":40},"end":{"line":259,"column":null}},"line":243},"17":{"name":"(anonymous_17)","decl":{"start":{"line":246,"column":24},"end":{"line":246,"column":25}},"loc":{"start":{"line":246,"column":31},"end":{"line":246,"column":55}},"line":246},"18":{"name":"(anonymous_18)","decl":{"start":{"line":246,"column":64},"end":{"line":246,"column":65}},"loc":{"start":{"line":246,"column":71},"end":{"line":246,"column":94}},"line":246},"19":{"name":"(anonymous_19)","decl":{"start":{"line":248,"column":18},"end":{"line":248,"column":19}},"loc":{"start":{"line":248,"column":25},"end":{"line":258,"column":3}},"line":248},"20":{"name":"(anonymous_20)","decl":{"start":{"line":252,"column":35},"end":{"line":252,"column":36}},"loc":{"start":{"line":252,"column":42},"end":{"line":252,"column":62}},"line":252}},"branchMap":{"0":{"loc":{"start":{"line":25,"column":2},"end":{"line":25,"column":null}},"type":"if","locations":[{"start":{"line":25,"column":2},"end":{"line":25,"column":null}},{"start":{},"end":{}}],"line":25},"1":{"loc":{"start":{"line":25,"column":6},"end":{"line":25,"column":22}},"type":"binary-expr","locations":[{"start":{"line":25,"column":6},"end":{"line":25,"column":12}},{"start":{"line":25,"column":16},"end":{"line":25,"column":22}}],"line":25},"2":{"loc":{"start":{"line":28,"column":6},"end":{"line":28,"column":null}},"type":"if","locations":[{"start":{"line":28,"column":6},"end":{"line":28,"column":null}},{"start":{},"end":{}}],"line":28},"3":{"loc":{"start":{"line":32,"column":6},"end":{"line":78,"column":null}},"type":"if","locations":[{"start":{"line":32,"column":6},"end":{"line":78,"column":null}},{"start":{"line":54,"column":13},"end":{"line":78,"column":null}}],"line":32},"4":{"loc":{"start":{"line":37,"column":8},"end":{"line":37,"column":null}},"type":"if","locations":[{"start":{"line":37,"column":8},"end":{"line":37,"column":null}},{"start":{},"end":{}}],"line":37},"5":{"loc":{"start":{"line":39,"column":8},"end":{"line":53,"column":null}},"type":"if","locations":[{"start":{"line":39,"column":8},"end":{"line":53,"column":null}},{"start":{"line":42,"column":15},"end":{"line":53,"column":null}}],"line":39},"6":{"loc":{"start":{"line":43,"column":10},"end":{"line":52,"column":11}},"type":"if","locations":[{"start":{"line":43,"column":10},"end":{"line":52,"column":11}},{"start":{"line":46,"column":17},"end":{"line":52,"column":11}}],"line":43},"7":{"loc":{"start":{"line":46,"column":17},"end":{"line":52,"column":11}},"type":"if","locations":[{"start":{"line":46,"column":17},"end":{"line":52,"column":11}},{"start":{"line":49,"column":17},"end":{"line":52,"column":11}}],"line":46},"8":{"loc":{"start":{"line":54,"column":13},"end":{"line":78,"column":null}},"type":"if","locations":[{"start":{"line":54,"column":13},"end":{"line":78,"column":null}},{"start":{"line":76,"column":13},"end":{"line":78,"column":null}}],"line":54},"9":{"loc":{"start":{"line":56,"column":8},"end":{"line":75,"column":null}},"type":"if","locations":[{"start":{"line":56,"column":8},"end":{"line":75,"column":null}},{"start":{"line":60,"column":15},"end":{"line":75,"column":null}}],"line":56},"10":{"loc":{"start":{"line":64,"column":10},"end":{"line":64,"column":null}},"type":"if","locations":[{"start":{"line":64,"column":10},"end":{"line":64,"column":null}},{"start":{},"end":{}}],"line":64},"11":{"loc":{"start":{"line":65,"column":10},"end":{"line":74,"column":null}},"type":"if","locations":[{"start":{"line":65,"column":10},"end":{"line":74,"column":null}},{"start":{"line":68,"column":17},"end":{"line":74,"column":null}}],"line":65},"12":{"loc":{"start":{"line":68,"column":17},"end":{"line":74,"column":null}},"type":"if","locations":[{"start":{"line":68,"column":17},"end":{"line":74,"column":null}},{"start":{"line":71,"column":17},"end":{"line":74,"column":null}}],"line":68},"13":{"loc":{"start":{"line":80,"column":6},"end":{"line":80,"column":null}},"type":"if","locations":[{"start":{"line":80,"column":6},"end":{"line":80,"column":null}},{"start":{},"end":{}}],"line":80},"14":{"loc":{"start":{"line":80,"column":10},"end":{"line":80,"column":51}},"type":"binary-expr","locations":[{"start":{"line":80,"column":10},"end":{"line":80,"column":20}},{"start":{"line":80,"column":24},"end":{"line":80,"column":36}},{"start":{"line":80,"column":40},"end":{"line":80,"column":51}}],"line":80},"15":{"loc":{"start":{"line":85,"column":4},"end":{"line":87,"column":null}},"type":"if","locations":[{"start":{"line":85,"column":4},"end":{"line":87,"column":null}},{"start":{},"end":{}}],"line":85},"16":{"loc":{"start":{"line":85,"column":8},"end":{"line":85,"column":64}},"type":"binary-expr","locations":[{"start":{"line":85,"column":8},"end":{"line":85,"column":11}},{"start":{"line":85,"column":15},"end":{"line":85,"column":18}},{"start":{"line":85,"column":22},"end":{"line":85,"column":41}},{"start":{"line":85,"column":45},"end":{"line":85,"column":64}}],"line":85},"17":{"loc":{"start":{"line":89,"column":25},"end":{"line":89,"column":62}},"type":"cond-expr","locations":[{"start":{"line":89,"column":35},"end":{"line":89,"column":47}},{"start":{"line":89,"column":50},"end":{"line":89,"column":62}}],"line":89},"18":{"loc":{"start":{"line":90,"column":25},"end":{"line":90,"column":62}},"type":"cond-expr","locations":[{"start":{"line":90,"column":35},"end":{"line":90,"column":47}},{"start":{"line":90,"column":50},"end":{"line":90,"column":62}}],"line":90},"19":{"loc":{"start":{"line":99,"column":6},"end":{"line":99,"column":null}},"type":"if","locations":[{"start":{"line":99,"column":6},"end":{"line":99,"column":null}},{"start":{},"end":{}}],"line":99},"20":{"loc":{"start":{"line":99,"column":10},"end":{"line":99,"column":48}},"type":"binary-expr","locations":[{"start":{"line":99,"column":10},"end":{"line":99,"column":19}},{"start":{"line":99,"column":23},"end":{"line":99,"column":48}}],"line":99},"21":{"loc":{"start":{"line":102,"column":11},"end":{"line":102,"column":35}},"type":"cond-expr","locations":[{"start":{"line":102,"column":21},"end":{"line":102,"column":27}},{"start":{"line":102,"column":30},"end":{"line":102,"column":35}}],"line":102},"22":{"loc":{"start":{"line":113,"column":2},"end":{"line":113,"column":null}},"type":"if","locations":[{"start":{"line":113,"column":2},"end":{"line":113,"column":null}},{"start":{},"end":{}}],"line":113},"23":{"loc":{"start":{"line":114,"column":2},"end":{"line":114,"column":null}},"type":"if","locations":[{"start":{"line":114,"column":2},"end":{"line":114,"column":null}},{"start":{},"end":{}}],"line":114},"24":{"loc":{"start":{"line":119,"column":2},"end":{"line":119,"column":null}},"type":"if","locations":[{"start":{"line":119,"column":2},"end":{"line":119,"column":null}},{"start":{},"end":{}}],"line":119},"25":{"loc":{"start":{"line":121,"column":19},"end":{"line":121,"column":40}},"type":"default-arg","locations":[{"start":{"line":121,"column":30},"end":{"line":121,"column":40}}],"line":121},"26":{"loc":{"start":{"line":125,"column":2},"end":{"line":165,"column":null}},"type":"if","locations":[{"start":{"line":125,"column":2},"end":{"line":165,"column":null}},{"start":{"line":141,"column":9},"end":{"line":165,"column":null}}],"line":125},"27":{"loc":{"start":{"line":130,"column":4},"end":{"line":130,"column":null}},"type":"if","locations":[{"start":{"line":130,"column":4},"end":{"line":130,"column":null}},{"start":{},"end":{}}],"line":130},"28":{"loc":{"start":{"line":131,"column":4},"end":{"line":140,"column":null}},"type":"if","locations":[{"start":{"line":131,"column":4},"end":{"line":140,"column":null}},{"start":{"line":134,"column":11},"end":{"line":140,"column":null}}],"line":131},"29":{"loc":{"start":{"line":134,"column":11},"end":{"line":140,"column":null}},"type":"if","locations":[{"start":{"line":134,"column":11},"end":{"line":140,"column":null}},{"start":{"line":137,"column":11},"end":{"line":140,"column":null}}],"line":134},"30":{"loc":{"start":{"line":141,"column":9},"end":{"line":165,"column":null}},"type":"if","locations":[{"start":{"line":141,"column":9},"end":{"line":165,"column":null}},{"start":{"line":163,"column":9},"end":{"line":165,"column":null}}],"line":141},"31":{"loc":{"start":{"line":143,"column":4},"end":{"line":162,"column":null}},"type":"if","locations":[{"start":{"line":143,"column":4},"end":{"line":162,"column":null}},{"start":{"line":147,"column":11},"end":{"line":162,"column":null}}],"line":143},"32":{"loc":{"start":{"line":151,"column":6},"end":{"line":151,"column":null}},"type":"if","locations":[{"start":{"line":151,"column":6},"end":{"line":151,"column":null}},{"start":{},"end":{}}],"line":151},"33":{"loc":{"start":{"line":152,"column":6},"end":{"line":161,"column":null}},"type":"if","locations":[{"start":{"line":152,"column":6},"end":{"line":161,"column":null}},{"start":{"line":155,"column":13},"end":{"line":161,"column":null}}],"line":152},"34":{"loc":{"start":{"line":155,"column":13},"end":{"line":161,"column":null}},"type":"if","locations":[{"start":{"line":155,"column":13},"end":{"line":161,"column":null}},{"start":{"line":158,"column":13},"end":{"line":161,"column":null}}],"line":155},"35":{"loc":{"start":{"line":168,"column":22},"end":{"line":168,"column":34}},"type":"binary-expr","locations":[{"start":{"line":168,"column":22},"end":{"line":168,"column":29}},{"start":{"line":168,"column":33},"end":{"line":168,"column":34}}],"line":168},"36":{"loc":{"start":{"line":169,"column":22},"end":{"line":169,"column":34}},"type":"binary-expr","locations":[{"start":{"line":169,"column":22},"end":{"line":169,"column":29}},{"start":{"line":169,"column":33},"end":{"line":169,"column":34}}],"line":169},"37":{"loc":{"start":{"line":170,"column":22},"end":{"line":170,"column":34}},"type":"binary-expr","locations":[{"start":{"line":170,"column":22},"end":{"line":170,"column":29}},{"start":{"line":170,"column":33},"end":{"line":170,"column":34}}],"line":170},"38":{"loc":{"start":{"line":176,"column":2},"end":{"line":176,"column":null}},"type":"if","locations":[{"start":{"line":176,"column":2},"end":{"line":176,"column":null}},{"start":{},"end":{}}],"line":176},"39":{"loc":{"start":{"line":176,"column":6},"end":{"line":176,"column":22}},"type":"binary-expr","locations":[{"start":{"line":176,"column":6},"end":{"line":176,"column":12}},{"start":{"line":176,"column":16},"end":{"line":176,"column":22}}],"line":176},"40":{"loc":{"start":{"line":180,"column":4},"end":{"line":180,"column":null}},"type":"if","locations":[{"start":{"line":180,"column":4},"end":{"line":180,"column":null}},{"start":{},"end":{}}],"line":180},"41":{"loc":{"start":{"line":180,"column":8},"end":{"line":180,"column":44}},"type":"binary-expr","locations":[{"start":{"line":180,"column":8},"end":{"line":180,"column":11}},{"start":{"line":180,"column":15},"end":{"line":180,"column":18}},{"start":{"line":180,"column":22},"end":{"line":180,"column":31}},{"start":{"line":180,"column":35},"end":{"line":180,"column":44}}],"line":180},"42":{"loc":{"start":{"line":188,"column":2},"end":{"line":188,"column":null}},"type":"if","locations":[{"start":{"line":188,"column":2},"end":{"line":188,"column":null}},{"start":{},"end":{}}],"line":188},"43":{"loc":{"start":{"line":188,"column":6},"end":{"line":188,"column":22}},"type":"binary-expr","locations":[{"start":{"line":188,"column":6},"end":{"line":188,"column":12}},{"start":{"line":188,"column":16},"end":{"line":188,"column":22}}],"line":188},"44":{"loc":{"start":{"line":192,"column":4},"end":{"line":192,"column":null}},"type":"if","locations":[{"start":{"line":192,"column":4},"end":{"line":192,"column":null}},{"start":{},"end":{}}],"line":192},"45":{"loc":{"start":{"line":192,"column":8},"end":{"line":192,"column":44}},"type":"binary-expr","locations":[{"start":{"line":192,"column":8},"end":{"line":192,"column":11}},{"start":{"line":192,"column":15},"end":{"line":192,"column":18}},{"start":{"line":192,"column":22},"end":{"line":192,"column":31}},{"start":{"line":192,"column":35},"end":{"line":192,"column":44}}],"line":192},"46":{"loc":{"start":{"line":203,"column":35},"end":{"line":203,"column":48}},"type":"default-arg","locations":[{"start":{"line":203,"column":47},"end":{"line":203,"column":48}}],"line":203},"47":{"loc":{"start":{"line":204,"column":9},"end":{"line":204,"column":52}},"type":"binary-expr","locations":[{"start":{"line":204,"column":9},"end":{"line":204,"column":27}},{"start":{"line":204,"column":31},"end":{"line":204,"column":52}}],"line":204},"48":{"loc":{"start":{"line":208,"column":2},"end":{"line":208,"column":null}},"type":"if","locations":[{"start":{"line":208,"column":2},"end":{"line":208,"column":null}},{"start":{},"end":{}}],"line":208},"49":{"loc":{"start":{"line":210,"column":4},"end":{"line":212,"column":38}},"type":"cond-expr","locations":[{"start":{"line":211,"column":8},"end":{"line":211,"column":null}},{"start":{"line":212,"column":8},"end":{"line":212,"column":38}}],"line":210},"50":{"loc":{"start":{"line":214,"column":9},"end":{"line":214,"column":49}},"type":"cond-expr","locations":[{"start":{"line":214,"column":38},"end":{"line":214,"column":42}},{"start":{"line":214,"column":45},"end":{"line":214,"column":49}}],"line":214},"51":{"loc":{"start":{"line":214,"column":9},"end":{"line":214,"column":35}},"type":"binary-expr","locations":[{"start":{"line":214,"column":9},"end":{"line":214,"column":22}},{"start":{"line":214,"column":26},"end":{"line":214,"column":35}}],"line":214},"52":{"loc":{"start":{"line":218,"column":2},"end":{"line":218,"column":null}},"type":"if","locations":[{"start":{"line":218,"column":2},"end":{"line":218,"column":null}},{"start":{},"end":{}}],"line":218},"53":{"loc":{"start":{"line":218,"column":6},"end":{"line":218,"column":35}},"type":"binary-expr","locations":[{"start":{"line":218,"column":6},"end":{"line":218,"column":16}},{"start":{"line":218,"column":20},"end":{"line":218,"column":35}}],"line":218},"54":{"loc":{"start":{"line":223,"column":2},"end":{"line":226,"column":null}},"type":"if","locations":[{"start":{"line":223,"column":2},"end":{"line":226,"column":null}},{"start":{},"end":{}}],"line":223},"55":{"loc":{"start":{"line":224,"column":4},"end":{"line":224,"column":null}},"type":"if","locations":[{"start":{"line":224,"column":4},"end":{"line":224,"column":null}},{"start":{},"end":{}}],"line":224},"56":{"loc":{"start":{"line":224,"column":8},"end":{"line":224,"column":36}},"type":"binary-expr","locations":[{"start":{"line":224,"column":8},"end":{"line":224,"column":13}},{"start":{"line":224,"column":17},"end":{"line":224,"column":36}}],"line":224},"57":{"loc":{"start":{"line":244,"column":2},"end":{"line":244,"column":null}},"type":"if","locations":[{"start":{"line":244,"column":2},"end":{"line":244,"column":null}},{"start":{},"end":{}}],"line":244},"58":{"loc":{"start":{"line":244,"column":6},"end":{"line":244,"column":32}},"type":"binary-expr","locations":[{"start":{"line":244,"column":6},"end":{"line":244,"column":11}},{"start":{"line":244,"column":15},"end":{"line":244,"column":32}}],"line":244},"59":{"loc":{"start":{"line":246,"column":32},"end":{"line":246,"column":47}},"type":"binary-expr","locations":[{"start":{"line":246,"column":32},"end":{"line":246,"column":41}},{"start":{"line":246,"column":45},"end":{"line":246,"column":47}}],"line":246},"60":{"loc":{"start":{"line":246,"column":71},"end":{"line":246,"column":94}},"type":"binary-expr","locations":[{"start":{"line":246,"column":71},"end":{"line":246,"column":72}},{"start":{"line":246,"column":76},"end":{"line":246,"column":94}}],"line":246},"61":{"loc":{"start":{"line":249,"column":18},"end":{"line":249,"column":33}},"type":"binary-expr","locations":[{"start":{"line":249,"column":18},"end":{"line":249,"column":27}},{"start":{"line":249,"column":31},"end":{"line":249,"column":33}}],"line":249},"62":{"loc":{"start":{"line":250,"column":4},"end":{"line":256,"column":null}},"type":"if","locations":[{"start":{"line":250,"column":4},"end":{"line":256,"column":null}},{"start":{},"end":{}}],"line":250},"63":{"loc":{"start":{"line":253,"column":6},"end":{"line":255,"column":null}},"type":"if","locations":[{"start":{"line":253,"column":6},"end":{"line":255,"column":null}},{"start":{},"end":{}}],"line":253}},"s":{"0":1,"1":1,"2":1,"3":1,"4":4,"5":2,"6":2,"7":4,"8":0,"9":4,"10":4,"11":0,"12":0,"13":0,"14":0,"15":0,"16":0,"17":0,"18":0,"19":0,"20":0,"21":0,"22":0,"23":0,"24":0,"25":0,"26":0,"27":0,"28":0,"29":4,"30":4,"31":4,"32":4,"33":4,"34":4,"35":0,"36":0,"37":0,"38":0,"39":0,"40":0,"41":0,"42":0,"43":0,"44":0,"45":0,"46":0,"47":0,"48":0,"49":4,"50":0,"51":4,"52":2,"53":2,"54":2,"55":0,"56":2,"57":2,"58":4,"59":4,"60":6,"61":6,"62":6,"63":4,"64":6,"65":2,"66":0,"67":0,"68":5,"69":2,"70":3,"71":2,"72":1,"73":1,"74":0,"75":1,"76":1,"77":1,"78":0,"79":0,"80":0,"81":0,"82":0,"83":0,"84":0,"85":0,"86":0,"87":0,"88":0,"89":0,"90":0,"91":0,"92":1,"93":1,"94":1,"95":1,"96":1,"97":1,"98":0,"99":0,"100":0,"101":0,"102":0,"103":0,"104":0,"105":0,"106":0,"107":0,"108":0,"109":0,"110":0,"111":0,"112":1,"113":1,"114":1,"115":1,"116":1,"117":0,"118":0,"119":0,"120":0,"121":0,"122":0,"123":0,"124":0,"125":0,"126":0,"127":0,"128":0,"129":0,"130":0,"131":0,"132":0,"133":0,"134":0,"135":0,"136":4,"137":0,"138":0,"139":0,"140":0,"141":0,"142":4,"143":2,"144":2,"145":0,"146":0,"147":0,"148":0,"149":0,"150":0,"151":0,"152":0,"153":0,"154":0,"155":0,"156":0,"157":0,"158":0,"159":0,"160":0,"161":0,"162":0,"163":0,"164":0,"165":0,"166":0,"167":0,"168":0},"f":{"0":4,"1":4,"2":0,"3":5,"4":1,"5":0,"6":0,"7":0,"8":4,"9":0,"10":4,"11":0,"12":0,"13":0,"14":0,"15":0,"16":0,"17":0,"18":0,"19":0,"20":0},"b":{"0":[2,2],"1":[4,3],"2":[0,4],"3":[0,4],"4":[0,0],"5":[0,0],"6":[0,0],"7":[0,0],"8":[4,0],"9":[4,0],"10":[0,0],"11":[0,0],"12":[0,0],"13":[0,4],"14":[4,4,4],"15":[0,2],"16":[2,2,2,2],"17":[1,1],"18":[1,1],"19":[4,2],"20":[6,4],"21":[1,1],"22":[2,3],"23":[2,1],"24":[0,1],"25":[1],"26":[0,1],"27":[0,0],"28":[0,0],"29":[0,0],"30":[1,0],"31":[1,0],"32":[0,0],"33":[0,0],"34":[0,0],"35":[1,0],"36":[1,0],"37":[1,0],"38":[0,0],"39":[0,0],"40":[0,0],"41":[0,0,0,0],"42":[0,0],"43":[0,0],"44":[0,0],"45":[0,0,0,0],"46":[4],"47":[4,4],"48":[0,0],"49":[0,0],"50":[0,0],"51":[0,0],"52":[2,2],"53":[4,2],"54":[0,0],"55":[0,0],"56":[0,0],"57":[0,0],"58":[0,0],"59":[0,0],"60":[0,0],"61":[0,0],"62":[0,0],"63":[0,0]},"meta":{"lastBranch":64,"lastFunction":21,"lastStatement":169,"seen":{"s:3:22:3:36":0,"s:4:21:4:41":1,"s:5:20:5:22":2,"s:8:25:21:2":3,"f:24:9:24:27":0,"b:25:2:25:Infinity:undefined:undefined:undefined:undefined":0,"s:25:2:25:Infinity":4,"b:25:6:25:12:25:16:25:22":1,"s:25:24:25:Infinity":5,"s:26:2:105:Infinity":6,"f:27:13:27:27":1,"b:28:6:28:Infinity:undefined:undefined:undefined:undefined":2,"s:28:6:28:Infinity":7,"s:28:16:28:Infinity":8,"s:29:20:29:55":9,"b:32:6:78:Infinity:54:13:78:Infinity":3,"s:32:6:78:Infinity":10,"s:33:22:33:38":11,"s:34:19:34:41":12,"s:35:19:35:41":13,"s:36:17:36:39":14,"b:37:8:37:Infinity:undefined:undefined:undefined:undefined":4,"s:37:8:37:Infinity":15,"s:37:22:37:Infinity":16,"s:38:8:38:Infinity":17,"b:39:8:53:Infinity:42:15:53:Infinity":5,"s:39:8:53:Infinity":18,"s:40:10:40:Infinity":19,"s:41:10:41:19":20,"b:43:10:52:11:46:17:52:11":6,"s:43:10:52:11":21,"s:44:12:44:Infinity":22,"s:45:12:45:Infinity":23,"b:46:17:52:11:49:17:52:11":7,"s:46:17:52:11":24,"s:47:12:47:Infinity":25,"s:48:12:48:Infinity":26,"s:50:12:50:Infinity":27,"s:51:12:51:Infinity":28,"b:54:13:78:Infinity:76:13:78:Infinity":8,"s:54:13:78:Infinity":29,"s:55:22:55:38":30,"b:56:8:75:Infinity:60:15:75:Infinity":9,"s:56:8:75:Infinity":31,"s:57:10:57:Infinity":32,"s:58:10:58:Infinity":33,"s:59:10:59:Infinity":34,"s:61:21:61:43":35,"s:62:21:62:43":36,"s:63:10:63:Infinity":37,"b:64:10:64:Infinity:undefined:undefined:undefined:undefined":10,"s:64:10:64:Infinity":38,"s:64:26:64:Infinity":39,"b:65:10:74:Infinity:68:17:74:Infinity":11,"s:65:10:74:Infinity":40,"s:66:12:66:Infinity":41,"s:67:12:67:Infinity":42,"b:68:17:74:Infinity:71:17:74:Infinity":12,"s:68:17:74:Infinity":43,"s:69:12:69:Infinity":44,"s:70:12:70:Infinity":45,"s:72:12:72:Infinity":46,"s:73:12:73:Infinity":47,"s:77:8:77:Infinity":48,"b:80:6:80:Infinity:undefined:undefined:undefined:undefined":13,"s:80:6:80:Infinity":49,"b:80:10:80:20:80:24:80:36:80:40:80:51":14,"s:80:53:80:Infinity":50,"s:81:6:81:Infinity":51,"s:83:15:83:36":52,"s:84:15:84:36":53,"b:85:4:87:Infinity:undefined:undefined:undefined:undefined":15,"s:85:4:87:Infinity":54,"b:85:8:85:11:85:15:85:18:85:22:85:41:85:45:85:64":16,"s:86:6:86:Infinity":55,"s:88:16:88:17":56,"s:89:16:89:63":57,"b:89:35:89:47:89:50:89:62":17,"s:90:16:90:63":58,"b:90:35:90:47:90:50:90:62":18,"s:91:4:101:Infinity":59,"s:92:18:92:30":60,"s:94:8:98:46":61,"b:99:6:99:Infinity:undefined:undefined:undefined:undefined":19,"s:99:6:99:Infinity":62,"b:99:10:99:19:99:23:99:48":20,"s:99:50:99:Infinity":63,"s:100:6:100:Infinity":64,"s:102:4:102:Infinity":65,"b:102:21:102:27:102:30:102:35":21,"s:104:4:104:Infinity":66,"f:108:9:108:20":2,"s:109:2:109:Infinity":67,"f:112:9:112:27":3,"b:113:2:113:Infinity:undefined:undefined:undefined:undefined":22,"s:113:2:113:Infinity":68,"s:113:36:113:Infinity":69,"b:114:2:114:Infinity:undefined:undefined:undefined:undefined":23,"s:114:2:114:Infinity":70,"s:114:35:114:Infinity":71,"s:115:2:115:Infinity":72,"f:118:9:118:22":4,"b:119:2:119:Infinity:undefined:undefined:undefined:undefined":24,"s:119:2:119:Infinity":73,"s:119:12:119:Infinity":74,"s:120:18:120:36":75,"s:121:44:121:62":76,"b:121:30:121:40":25,"b:125:2:165:Infinity:141:9:165:Infinity":26,"s:125:2:165:Infinity":77,"s:126:18:126:37":78,"s:127:15:127:37":79,"s:128:15:128:37":80,"s:129:4:129:Infinity":81,"b:130:4:130:Infinity:undefined:undefined:undefined:undefined":27,"s:130:4:130:Infinity":82,"s:130:20:130:Infinity":83,"b:131:4:140:Infinity:134:11:140:Infinity":28,"s:131:4:140:Infinity":84,"s:132:6:132:Infinity":85,"s:133:6:133:Infinity":86,"b:134:11:140:Infinity:137:11:140:Infinity":29,"s:134:11:140:Infinity":87,"s:135:6:135:Infinity":88,"s:136:6:136:Infinity":89,"s:138:6:138:Infinity":90,"s:139:6:139:Infinity":91,"b:141:9:165:Infinity:163:9:165:Infinity":30,"s:141:9:165:Infinity":92,"s:142:18:142:37":93,"b:143:4:162:Infinity:147:11:162:Infinity":31,"s:143:4:162:Infinity":94,"s:144:6:144:Infinity":95,"s:145:6:145:Infinity":96,"s:146:6:146:Infinity":97,"s:148:17:148:39":98,"s:149:17:149:39":99,"s:150:6:150:Infinity":100,"b:151:6:151:Infinity:undefined:undefined:undefined:undefined":32,"s:151:6:151:Infinity":101,"s:151:22:151:Infinity":102,"b:152:6:161:Infinity:155:13:161:Infinity":33,"s:152:6:161:Infinity":103,"s:153:8:153:Infinity":104,"s:154:8:154:Infinity":105,"b:155:13:161:Infinity:158:13:161:Infinity":34,"s:155:13:161:Infinity":106,"s:156:8:156:Infinity":107,"s:157:8:157:Infinity":108,"s:159:8:159:Infinity":109,"s:160:8:160:Infinity":110,"s:164:4:164:Infinity":111,"s:167:15:167:34":112,"s:168:13:168:39":113,"b:168:22:168:29:168:33:168:34":35,"s:169:13:169:39":114,"b:169:22:169:29:169:33:169:34":36,"s:170:13:170:39":115,"b:170:22:170:29:170:33:170:34":37,"s:172:2:172:Infinity":116,"f:175:9:175:21":5,"b:176:2:176:Infinity:undefined:undefined:undefined:undefined":38,"s:176:2:176:Infinity":117,"b:176:6:176:12:176:16:176:22":39,"s:176:24:176:Infinity":118,"s:177:2:184:Infinity":119,"s:178:15:178:35":120,"s:179:15:179:35":121,"b:180:4:180:Infinity:undefined:undefined:undefined:undefined":40,"s:180:4:180:Infinity":122,"b:180:8:180:11:180:15:180:18:180:22:180:31:180:35:180:44":41,"s:180:46:180:Infinity":123,"s:181:4:181:Infinity":124,"s:183:4:183:Infinity":125,"f:187:9:187:23":6,"b:188:2:188:Infinity:undefined:undefined:undefined:undefined":42,"s:188:2:188:Infinity":126,"b:188:6:188:12:188:16:188:22":43,"s:188:24:188:Infinity":127,"s:189:2:196:Infinity":128,"s:190:15:190:35":129,"s:191:15:191:35":130,"b:192:4:192:Infinity:undefined:undefined:undefined:undefined":44,"s:192:4:192:Infinity":131,"b:192:8:192:11:192:15:192:18:192:22:192:31:192:35:192:44":45,"s:192:46:192:Infinity":132,"s:193:4:193:Infinity":133,"s:195:4:195:Infinity":134,"f:199:9:199:34":7,"s:200:2:200:Infinity":135,"f:203:9:203:23":8,"b:203:47:203:48":46,"s:204:2:204:Infinity":136,"b:204:9:204:27:204:31:204:52":47,"f:207:9:207:29":9,"b:208:2:208:Infinity:undefined:undefined:undefined:undefined":48,"s:208:2:208:Infinity":137,"s:208:15:208:Infinity":138,"s:210:4:212:38":139,"b:211:8:211:Infinity:212:8:212:38":49,"s:213:15:213:51":140,"s:214:2:214:Infinity":141,"b:214:38:214:42:214:45:214:49":50,"b:214:9:214:22:214:26:214:35":51,"f:217:9:217:35":10,"b:218:2:218:Infinity:undefined:undefined:undefined:undefined":52,"s:218:2:218:Infinity":142,"b:218:6:218:16:218:20:218:35":53,"s:218:37:218:Infinity":143,"s:219:2:219:Infinity":144,"f:222:9:222:22":11,"b:223:2:226:Infinity:undefined:undefined:undefined:undefined":54,"s:223:2:226:Infinity":145,"b:224:4:224:Infinity:undefined:undefined:undefined:undefined":55,"s:224:4:224:Infinity":146,"b:224:8:224:13:224:17:224:36":56,"s:224:38:224:Infinity":147,"s:225:4:225:Infinity":148,"s:227:2:227:Infinity":149,"f:230:9:230:21":12,"s:231:2:231:Infinity":150,"f:231:21:231:22":13,"s:231:28:231:98":151,"f:234:9:234:27":14,"s:235:13:239:10":152,"f:236:9:236:10":15,"s:236:16:236:27":153,"s:240:2:240:Infinity":154,"f:243:9:243:33":16,"b:244:2:244:Infinity:undefined:undefined:undefined:undefined":57,"s:244:2:244:Infinity":155,"b:244:6:244:11:244:15:244:32":58,"s:244:34:244:Infinity":156,"s:245:20:247:3":157,"f:246:24:246:25":17,"s:246:31:246:55":158,"b:246:32:246:41:246:45:246:47":59,"f:246:64:246:65":18,"s:246:71:246:94":159,"b:246:71:246:72:246:76:246:94":60,"s:248:2:258:Infinity":160,"f:248:18:248:19":19,"s:249:17:249:41":161,"b:249:18:249:27:249:31:249:33":61,"b:250:4:256:Infinity:undefined:undefined:undefined:undefined":62,"s:250:4:256:Infinity":162,"s:251:21:251:38":163,"s:252:20:252:63":164,"f:252:35:252:36":20,"s:252:42:252:62":165,"b:253:6:255:Infinity:undefined:undefined:undefined:undefined":63,"s:253:6:255:Infinity":166,"s:254:8:254:Infinity":167,"s:257:4:257:Infinity":168}}}
}
